<?xml version="1.0" encoding="UTF-8"?>
<!-- Generated by org.testng.reporters.JUnitXMLReporter -->
<testsuite hostname="TekArch" ignored="1" name="LoginTEST" tests="1" failures="0" timestamp="06 May 2021 17:33:25 GMT" time="19.228" errors="0">
  <testcase name="VerifyLoginErrorMessage01" time="13.115" classname="testcases.VerifyLoginFunctionality"/>
  <testcase name="VerifyLoginErrorMessage02" time="0.0" classname="testcases.VerifyLoginFunctionality">
    <ignored/>
  </testcase> <!-- VerifyLoginErrorMessage02 -->
</testsuite> <!-- LoginTEST -->
